Analysis & Synthesis report for ca6
Sat Jan 05 04:08:18 2019
Quartus II 64-Bit Version 13.0.1 Build 232 06/12/2013 Service Pack 1 SJ Web Edition


---------------------
; Table of Contents ;
---------------------
  1. Legal Notice
  2. Analysis & Synthesis Summary
  3. Analysis & Synthesis Settings
  4. Parallel Compilation
  5. Analysis & Synthesis Source Files Read
  6. Analysis & Synthesis Resource Usage Summary
  7. Analysis & Synthesis Resource Utilization by Entity
  8. Analysis & Synthesis RAM Summary
  9. Analysis & Synthesis DSP Block Usage Summary
 10. Analysis & Synthesis IP Cores Summary
 11. State Machine - |ca6|controller:CONTROLLER|ps
 12. Registers Removed During Synthesis
 13. General Register Statistics
 14. Source assignments for datapath:DATAPATH|oneportrom:ROM|altsyncram:altsyncram_component|altsyncram_ir61:auto_generated
 15. Parameter Settings for User Entity Instance: controller:CONTROLLER
 16. Parameter Settings for User Entity Instance: datapath:DATAPATH|lpm_counter1:cntr|lpm_counter:LPM_COUNTER_component
 17. Parameter Settings for User Entity Instance: datapath:DATAPATH|lpm_add_sub0:Adder|lpm_add_sub:LPM_ADD_SUB_component
 18. Parameter Settings for User Entity Instance: datapath:DATAPATH|oneportrom:ROM|altsyncram:altsyncram_component
 19. Parameter Settings for User Entity Instance: datapath:DATAPATH|LPM_DFF:x2reg
 20. Parameter Settings for User Entity Instance: datapath:DATAPATH|LPM_DFF:termReg
 21. Parameter Settings for User Entity Instance: datapath:DATAPATH|LPM_DFF:tan
 22. Parameter Settings for Inferred Entity Instance: datapath:DATAPATH|multiplier:mult|lpm_mult:Mult0
 23. altsyncram Parameter Settings by Entity Instance
 24. lpm_mult Parameter Settings by Entity Instance
 25. Elapsed Time Per Partition
 26. Analysis & Synthesis Messages
 27. Analysis & Synthesis Suppressed Messages



----------------
; Legal Notice ;
----------------
Copyright (C) 1991-2013 Altera Corporation
Your use of Altera Corporation's design tools, logic functions 
and other software and tools, and its AMPP partner logic 
functions, and any output files from any of the foregoing 
(including device programming or simulation files), and any 
associated documentation or information are expressly subject 
to the terms and conditions of the Altera Program License 
Subscription Agreement, Altera MegaCore Function License 
Agreement, or other applicable license agreement, including, 
without limitation, that your use is for the sole purpose of 
programming logic devices manufactured by Altera and sold by 
Altera or its authorized distributors.  Please refer to the 
applicable agreement for further details.



+--------------------------------------------------------------------------------------+
; Analysis & Synthesis Summary                                                         ;
+------------------------------------+-------------------------------------------------+
; Analysis & Synthesis Status        ; Successful - Sat Jan 05 04:08:18 2019           ;
; Quartus II 64-Bit Version          ; 13.0.1 Build 232 06/12/2013 SP 1 SJ Web Edition ;
; Revision Name                      ; ca6                                             ;
; Top-level Entity Name              ; ca6                                             ;
; Family                             ; Cyclone II                                      ;
; Total logic elements               ; 103                                             ;
;     Total combinational functions  ; 86                                              ;
;     Dedicated logic registers      ; 57                                              ;
; Total registers                    ; 57                                              ;
; Total pins                         ; 184                                             ;
; Total virtual pins                 ; 0                                               ;
; Total memory bits                  ; 128                                             ;
; Embedded Multiplier 9-bit elements ; 2                                               ;
; Total PLLs                         ; 0                                               ;
+------------------------------------+-------------------------------------------------+


+----------------------------------------------------------------------------------------------------------------------+
; Analysis & Synthesis Settings                                                                                        ;
+----------------------------------------------------------------------------+--------------------+--------------------+
; Option                                                                     ; Setting            ; Default Value      ;
+----------------------------------------------------------------------------+--------------------+--------------------+
; Device                                                                     ; EP2C20F484C7       ;                    ;
; Top-level entity name                                                      ; ca6                ; ca6                ;
; Family name                                                                ; Cyclone II         ; Cyclone IV GX      ;
; Use smart compilation                                                      ; Off                ; Off                ;
; Enable parallel Assembler and TimeQuest Timing Analyzer during compilation ; On                 ; On                 ;
; Enable compact report table                                                ; Off                ; Off                ;
; Restructure Multiplexers                                                   ; Auto               ; Auto               ;
; Create Debugging Nodes for IP Cores                                        ; Off                ; Off                ;
; Preserve fewer node names                                                  ; On                 ; On                 ;
; Disable OpenCore Plus hardware evaluation                                  ; Off                ; Off                ;
; Verilog Version                                                            ; Verilog_2001       ; Verilog_2001       ;
; VHDL Version                                                               ; VHDL_1993          ; VHDL_1993          ;
; State Machine Processing                                                   ; Auto               ; Auto               ;
; Safe State Machine                                                         ; Off                ; Off                ;
; Extract Verilog State Machines                                             ; On                 ; On                 ;
; Extract VHDL State Machines                                                ; On                 ; On                 ;
; Ignore Verilog initial constructs                                          ; Off                ; Off                ;
; Iteration limit for constant Verilog loops                                 ; 5000               ; 5000               ;
; Iteration limit for non-constant Verilog loops                             ; 250                ; 250                ;
; Add Pass-Through Logic to Inferred RAMs                                    ; On                 ; On                 ;
; Infer RAMs from Raw Logic                                                  ; On                 ; On                 ;
; Parallel Synthesis                                                         ; On                 ; On                 ;
; DSP Block Balancing                                                        ; Auto               ; Auto               ;
; NOT Gate Push-Back                                                         ; On                 ; On                 ;
; Power-Up Don't Care                                                        ; On                 ; On                 ;
; Remove Redundant Logic Cells                                               ; Off                ; Off                ;
; Remove Duplicate Registers                                                 ; On                 ; On                 ;
; Ignore CARRY Buffers                                                       ; Off                ; Off                ;
; Ignore CASCADE Buffers                                                     ; Off                ; Off                ;
; Ignore GLOBAL Buffers                                                      ; Off                ; Off                ;
; Ignore ROW GLOBAL Buffers                                                  ; Off                ; Off                ;
; Ignore LCELL Buffers                                                       ; Off                ; Off                ;
; Ignore SOFT Buffers                                                        ; On                 ; On                 ;
; Limit AHDL Integers to 32 Bits                                             ; Off                ; Off                ;
; Optimization Technique                                                     ; Balanced           ; Balanced           ;
; Carry Chain Length                                                         ; 70                 ; 70                 ;
; Auto Carry Chains                                                          ; On                 ; On                 ;
; Auto Open-Drain Pins                                                       ; On                 ; On                 ;
; Perform WYSIWYG Primitive Resynthesis                                      ; Off                ; Off                ;
; Auto ROM Replacement                                                       ; On                 ; On                 ;
; Auto RAM Replacement                                                       ; On                 ; On                 ;
; Auto Shift Register Replacement                                            ; Auto               ; Auto               ;
; Allow Shift Register Merging across Hierarchies                            ; Auto               ; Auto               ;
; Auto Clock Enable Replacement                                              ; On                 ; On                 ;
; Strict RAM Replacement                                                     ; Off                ; Off                ;
; Allow Synchronous Control Signals                                          ; On                 ; On                 ;
; Force Use of Synchronous Clear Signals                                     ; Off                ; Off                ;
; Auto RAM to Logic Cell Conversion                                          ; Off                ; Off                ;
; Auto Resource Sharing                                                      ; Off                ; Off                ;
; Allow Any RAM Size For Recognition                                         ; Off                ; Off                ;
; Allow Any ROM Size For Recognition                                         ; Off                ; Off                ;
; Allow Any Shift Register Size For Recognition                              ; Off                ; Off                ;
; Use LogicLock Constraints during Resource Balancing                        ; On                 ; On                 ;
; Ignore translate_off and synthesis_off directives                          ; Off                ; Off                ;
; Timing-Driven Synthesis                                                    ; Off                ; Off                ;
; Report Parameter Settings                                                  ; On                 ; On                 ;
; Report Source Assignments                                                  ; On                 ; On                 ;
; Report Connectivity Checks                                                 ; On                 ; On                 ;
; Ignore Maximum Fan-Out Assignments                                         ; Off                ; Off                ;
; Synchronization Register Chain Length                                      ; 2                  ; 2                  ;
; PowerPlay Power Optimization                                               ; Normal compilation ; Normal compilation ;
; HDL message level                                                          ; Level2             ; Level2             ;
; Suppress Register Optimization Related Messages                            ; Off                ; Off                ;
; Number of Removed Registers Reported in Synthesis Report                   ; 5000               ; 5000               ;
; Number of Swept Nodes Reported in Synthesis Report                         ; 5000               ; 5000               ;
; Number of Inverted Registers Reported in Synthesis Report                  ; 100                ; 100                ;
; Clock MUX Protection                                                       ; On                 ; On                 ;
; Auto Gated Clock Conversion                                                ; Off                ; Off                ;
; Block Design Naming                                                        ; Auto               ; Auto               ;
; SDC constraint protection                                                  ; Off                ; Off                ;
; Synthesis Effort                                                           ; Auto               ; Auto               ;
; Shift Register Replacement - Allow Asynchronous Clear Signal               ; On                 ; On                 ;
; Pre-Mapping Resynthesis Optimization                                       ; Off                ; Off                ;
; Analysis & Synthesis Message Level                                         ; Medium             ; Medium             ;
; Disable Register Merging Across Hierarchies                                ; Auto               ; Auto               ;
; Resource Aware Inference For Block RAM                                     ; On                 ; On                 ;
; Synthesis Seed                                                             ; 1                  ; 1                  ;
+----------------------------------------------------------------------------+--------------------+--------------------+


Parallel compilation was disabled, but you have multiple processors available. Enable parallel compilation to reduce compilation time.
+-------------------------------------+
; Parallel Compilation                ;
+----------------------------+--------+
; Processors                 ; Number ;
+----------------------------+--------+
; Number detected on machine ; 8      ;
; Maximum allowed            ; 1      ;
+----------------------------+--------+


+--------------------------------------------------------------------------------------------------------------------------------------------------------------------------------------------------+
; Analysis & Synthesis Source Files Read                                                                                                                                                           ;
+----------------------------------+-----------------+----------------------------------------+------------------------------------------------------------------------------------------+---------+
; File Name with User-Entered Path ; Used in Netlist ; File Type                              ; File Name with Absolute Path                                                             ; Library ;
+----------------------------------+-----------------+----------------------------------------+------------------------------------------------------------------------------------------+---------+
; muxWdoublein.v.v                 ; yes             ; User Verilog HDL File                  ; D:/Educational/Term 3/Digital Logic Design/CA/CA6/quartus project/muxWdoublein.v.v       ;         ;
; multiplier.v                     ; yes             ; User Verilog HDL File                  ; D:/Educational/Term 3/Digital Logic Design/CA/CA6/quartus project/multiplier.v           ;         ;
; datapath.bdf                     ; yes             ; User Block Diagram/Schematic File      ; D:/Educational/Term 3/Digital Logic Design/CA/CA6/quartus project/datapath.bdf           ;         ;
; controller.v                     ; yes             ; User Verilog HDL File                  ; D:/Educational/Term 3/Digital Logic Design/CA/CA6/quartus project/controller.v           ;         ;
; ca6.bdf                          ; yes             ; User Block Diagram/Schematic File      ; D:/Educational/Term 3/Digital Logic Design/CA/CA6/quartus project/ca6.bdf                ;         ;
; lpm_counter1.v                   ; yes             ; Auto-Found Wizard-Generated File       ; D:/Educational/Term 3/Digital Logic Design/CA/CA6/quartus project/lpm_counter1.v         ;         ;
; lpm_counter.tdf                  ; yes             ; Megafunction                           ; e:/altera/13.0sp1/quartus/libraries/megafunctions/lpm_counter.tdf                        ;         ;
; lpm_constant.inc                 ; yes             ; Megafunction                           ; e:/altera/13.0sp1/quartus/libraries/megafunctions/lpm_constant.inc                       ;         ;
; lpm_decode.inc                   ; yes             ; Megafunction                           ; e:/altera/13.0sp1/quartus/libraries/megafunctions/lpm_decode.inc                         ;         ;
; lpm_add_sub.inc                  ; yes             ; Megafunction                           ; e:/altera/13.0sp1/quartus/libraries/megafunctions/lpm_add_sub.inc                        ;         ;
; cmpconst.inc                     ; yes             ; Megafunction                           ; e:/altera/13.0sp1/quartus/libraries/megafunctions/cmpconst.inc                           ;         ;
; lpm_compare.inc                  ; yes             ; Megafunction                           ; e:/altera/13.0sp1/quartus/libraries/megafunctions/lpm_compare.inc                        ;         ;
; lpm_counter.inc                  ; yes             ; Megafunction                           ; e:/altera/13.0sp1/quartus/libraries/megafunctions/lpm_counter.inc                        ;         ;
; dffeea.inc                       ; yes             ; Megafunction                           ; e:/altera/13.0sp1/quartus/libraries/megafunctions/dffeea.inc                             ;         ;
; alt_counter_stratix.inc          ; yes             ; Megafunction                           ; e:/altera/13.0sp1/quartus/libraries/megafunctions/alt_counter_stratix.inc                ;         ;
; aglobal130.inc                   ; yes             ; Megafunction                           ; e:/altera/13.0sp1/quartus/libraries/megafunctions/aglobal130.inc                         ;         ;
; db/cntr_frk.tdf                  ; yes             ; Auto-Generated Megafunction            ; D:/Educational/Term 3/Digital Logic Design/CA/CA6/quartus project/db/cntr_frk.tdf        ;         ;
; lpm_add_sub0.v                   ; yes             ; Auto-Found Wizard-Generated File       ; D:/Educational/Term 3/Digital Logic Design/CA/CA6/quartus project/lpm_add_sub0.v         ;         ;
; lpm_add_sub.tdf                  ; yes             ; Megafunction                           ; e:/altera/13.0sp1/quartus/libraries/megafunctions/lpm_add_sub.tdf                        ;         ;
; addcore.inc                      ; yes             ; Megafunction                           ; e:/altera/13.0sp1/quartus/libraries/megafunctions/addcore.inc                            ;         ;
; look_add.inc                     ; yes             ; Megafunction                           ; e:/altera/13.0sp1/quartus/libraries/megafunctions/look_add.inc                           ;         ;
; bypassff.inc                     ; yes             ; Megafunction                           ; e:/altera/13.0sp1/quartus/libraries/megafunctions/bypassff.inc                           ;         ;
; altshift.inc                     ; yes             ; Megafunction                           ; e:/altera/13.0sp1/quartus/libraries/megafunctions/altshift.inc                           ;         ;
; alt_stratix_add_sub.inc          ; yes             ; Megafunction                           ; e:/altera/13.0sp1/quartus/libraries/megafunctions/alt_stratix_add_sub.inc                ;         ;
; db/add_sub_rlh.tdf               ; yes             ; Auto-Generated Megafunction            ; D:/Educational/Term 3/Digital Logic Design/CA/CA6/quartus project/db/add_sub_rlh.tdf     ;         ;
; oneportrom.v                     ; yes             ; Auto-Found Wizard-Generated File       ; D:/Educational/Term 3/Digital Logic Design/CA/CA6/quartus project/oneportrom.v           ;         ;
; altsyncram.tdf                   ; yes             ; Megafunction                           ; e:/altera/13.0sp1/quartus/libraries/megafunctions/altsyncram.tdf                         ;         ;
; stratix_ram_block.inc            ; yes             ; Megafunction                           ; e:/altera/13.0sp1/quartus/libraries/megafunctions/stratix_ram_block.inc                  ;         ;
; lpm_mux.inc                      ; yes             ; Megafunction                           ; e:/altera/13.0sp1/quartus/libraries/megafunctions/lpm_mux.inc                            ;         ;
; a_rdenreg.inc                    ; yes             ; Megafunction                           ; e:/altera/13.0sp1/quartus/libraries/megafunctions/a_rdenreg.inc                          ;         ;
; altrom.inc                       ; yes             ; Megafunction                           ; e:/altera/13.0sp1/quartus/libraries/megafunctions/altrom.inc                             ;         ;
; altram.inc                       ; yes             ; Megafunction                           ; e:/altera/13.0sp1/quartus/libraries/megafunctions/altram.inc                             ;         ;
; altdpram.inc                     ; yes             ; Megafunction                           ; e:/altera/13.0sp1/quartus/libraries/megafunctions/altdpram.inc                           ;         ;
; db/altsyncram_ir61.tdf           ; yes             ; Auto-Generated Megafunction            ; D:/Educational/Term 3/Digital Logic Design/CA/CA6/quartus project/db/altsyncram_ir61.tdf ;         ;
; romi.mif                         ; yes             ; Auto-Found Memory Initialization File  ; D:/Educational/Term 3/Digital Logic Design/CA/CA6/quartus project/romi.mif               ;         ;
; lpm_dff.tdf                      ; yes             ; Megafunction                           ; e:/altera/13.0sp1/quartus/libraries/megafunctions/lpm_dff.tdf                            ;         ;
; lpm_constant.tdf                 ; yes             ; Megafunction                           ; e:/altera/13.0sp1/quartus/libraries/megafunctions/lpm_constant.tdf                       ;         ;
; lpm_mult.tdf                     ; yes             ; Megafunction                           ; e:/altera/13.0sp1/quartus/libraries/megafunctions/lpm_mult.tdf                           ;         ;
; multcore.inc                     ; yes             ; Megafunction                           ; e:/altera/13.0sp1/quartus/libraries/megafunctions/multcore.inc                           ;         ;
; db/mult_l8t.tdf                  ; yes             ; Auto-Generated Megafunction            ; D:/Educational/Term 3/Digital Logic Design/CA/CA6/quartus project/db/mult_l8t.tdf        ;         ;
+----------------------------------+-----------------+----------------------------------------+------------------------------------------------------------------------------------------+---------+


+-----------------------------------------------------+
; Analysis & Synthesis Resource Usage Summary         ;
+---------------------------------------------+-------+
; Resource                                    ; Usage ;
+---------------------------------------------+-------+
; Estimated Total logic elements              ; 103   ;
;                                             ;       ;
; Total combinational functions               ; 86    ;
; Logic element usage by number of LUT inputs ;       ;
;     -- 4 input functions                    ; 20    ;
;     -- 3 input functions                    ; 53    ;
;     -- <=2 input functions                  ; 13    ;
;                                             ;       ;
; Logic elements by mode                      ;       ;
;     -- normal mode                          ; 68    ;
;     -- arithmetic mode                      ; 18    ;
;                                             ;       ;
; Total registers                             ; 57    ;
;     -- Dedicated logic registers            ; 57    ;
;     -- I/O registers                        ; 0     ;
;                                             ;       ;
; I/O pins                                    ; 184   ;
; Total memory bits                           ; 128   ;
; Embedded Multiplier 9-bit elements          ; 2     ;
; Maximum fan-out node                        ; clk   ;
; Maximum fan-out                             ; 73    ;
; Total fan-out                               ; 800   ;
; Average fan-out                             ; 2.32  ;
+---------------------------------------------+-------+


+----------------------------------------------------------------------------------------------------------------------------------------------------------------------------------------------------------------------------------------------------------------------------------+
; Analysis & Synthesis Resource Utilization by Entity                                                                                                                                                                                                                              ;
+----------------------------------------------+-------------------+--------------+-------------+--------------+---------+-----------+------+--------------+--------------------------------------------------------------------------------------------------------+--------------+
; Compilation Hierarchy Node                   ; LC Combinationals ; LC Registers ; Memory Bits ; DSP Elements ; DSP 9x9 ; DSP 18x18 ; Pins ; Virtual Pins ; Full Hierarchy Name                                                                                    ; Library Name ;
+----------------------------------------------+-------------------+--------------+-------------+--------------+---------+-----------+------+--------------+--------------------------------------------------------------------------------------------------------+--------------+
; |ca6                                         ; 86 (1)            ; 57 (0)       ; 128         ; 2            ; 0       ; 1         ; 184  ; 0            ; |ca6                                                                                                   ; work         ;
;    |controller:CONTROLLER|                   ; 15 (15)           ; 6 (6)        ; 0           ; 0            ; 0       ; 0         ; 0    ; 0            ; |ca6|controller:CONTROLLER                                                                             ; work         ;
;    |datapath:DATAPATH|                       ; 70 (0)            ; 51 (0)       ; 128         ; 2            ; 0       ; 1         ; 0    ; 0            ; |ca6|datapath:DATAPATH                                                                                 ; work         ;
;       |lpm_add_sub0:Adder|                   ; 16 (0)            ; 0 (0)        ; 0           ; 0            ; 0       ; 0         ; 0    ; 0            ; |ca6|datapath:DATAPATH|lpm_add_sub0:Adder                                                              ; work         ;
;          |lpm_add_sub:LPM_ADD_SUB_component| ; 16 (0)            ; 0 (0)        ; 0           ; 0            ; 0       ; 0         ; 0    ; 0            ; |ca6|datapath:DATAPATH|lpm_add_sub0:Adder|lpm_add_sub:LPM_ADD_SUB_component                            ; work         ;
;             |add_sub_rlh:auto_generated|     ; 16 (16)           ; 0 (0)        ; 0           ; 0            ; 0       ; 0         ; 0    ; 0            ; |ca6|datapath:DATAPATH|lpm_add_sub0:Adder|lpm_add_sub:LPM_ADD_SUB_component|add_sub_rlh:auto_generated ; work         ;
;       |lpm_counter1:cntr|                    ; 5 (0)             ; 3 (0)        ; 0           ; 0            ; 0       ; 0         ; 0    ; 0            ; |ca6|datapath:DATAPATH|lpm_counter1:cntr                                                               ; work         ;
;          |lpm_counter:LPM_COUNTER_component| ; 5 (0)             ; 3 (0)        ; 0           ; 0            ; 0       ; 0         ; 0    ; 0            ; |ca6|datapath:DATAPATH|lpm_counter1:cntr|lpm_counter:LPM_COUNTER_component                             ; work         ;
;             |cntr_frk:auto_generated|        ; 5 (5)             ; 3 (3)        ; 0           ; 0            ; 0       ; 0         ; 0    ; 0            ; |ca6|datapath:DATAPATH|lpm_counter1:cntr|lpm_counter:LPM_COUNTER_component|cntr_frk:auto_generated     ; work         ;
;       |lpm_dff:tan|                          ; 0 (0)             ; 16 (16)      ; 0           ; 0            ; 0       ; 0         ; 0    ; 0            ; |ca6|datapath:DATAPATH|lpm_dff:tan                                                                     ; work         ;
;       |lpm_dff:termReg|                      ; 0 (0)             ; 16 (16)      ; 0           ; 0            ; 0       ; 0         ; 0    ; 0            ; |ca6|datapath:DATAPATH|lpm_dff:termReg                                                                 ; work         ;
;       |lpm_dff:x2reg|                        ; 0 (0)             ; 16 (16)      ; 0           ; 0            ; 0       ; 0         ; 0    ; 0            ; |ca6|datapath:DATAPATH|lpm_dff:x2reg                                                                   ; work         ;
;       |multiplier:mult|                      ; 0 (0)             ; 0 (0)        ; 0           ; 2            ; 0       ; 1         ; 0    ; 0            ; |ca6|datapath:DATAPATH|multiplier:mult                                                                 ; work         ;
;          |lpm_mult:Mult0|                    ; 0 (0)             ; 0 (0)        ; 0           ; 2            ; 0       ; 1         ; 0    ; 0            ; |ca6|datapath:DATAPATH|multiplier:mult|lpm_mult:Mult0                                                  ; work         ;
;             |mult_l8t:auto_generated|        ; 0 (0)             ; 0 (0)        ; 0           ; 2            ; 0       ; 1         ; 0    ; 0            ; |ca6|datapath:DATAPATH|multiplier:mult|lpm_mult:Mult0|mult_l8t:auto_generated                          ; work         ;
;       |muxWdoublein:mux2|                    ; 33 (33)           ; 0 (0)        ; 0           ; 0            ; 0       ; 0         ; 0    ; 0            ; |ca6|datapath:DATAPATH|muxWdoublein:mux2                                                               ; work         ;
;       |muxWdoublein:mux|                     ; 16 (16)           ; 0 (0)        ; 0           ; 0            ; 0       ; 0         ; 0    ; 0            ; |ca6|datapath:DATAPATH|muxWdoublein:mux                                                                ; work         ;
;       |oneportrom:ROM|                       ; 0 (0)             ; 0 (0)        ; 128         ; 0            ; 0       ; 0         ; 0    ; 0            ; |ca6|datapath:DATAPATH|oneportrom:ROM                                                                  ; work         ;
;          |altsyncram:altsyncram_component|   ; 0 (0)             ; 0 (0)        ; 128         ; 0            ; 0       ; 0         ; 0    ; 0            ; |ca6|datapath:DATAPATH|oneportrom:ROM|altsyncram:altsyncram_component                                  ; work         ;
;             |altsyncram_ir61:auto_generated| ; 0 (0)             ; 0 (0)        ; 128         ; 0            ; 0       ; 0         ; 0    ; 0            ; |ca6|datapath:DATAPATH|oneportrom:ROM|altsyncram:altsyncram_component|altsyncram_ir61:auto_generated   ; work         ;
+----------------------------------------------+-------------------+--------------+-------------+--------------+---------+-----------+------+--------------+--------------------------------------------------------------------------------------------------------+--------------+
Note: For table entries with two numbers listed, the numbers in parentheses indicate the number of resources of the given type used by the specific entity alone. The numbers listed outside of parentheses indicate the total resources of the given type used by the specific entity and all of its sub-entities in the hierarchy.


+--------------------------------------------------------------------------------------------------------------------------------------------------------------------------------------------------------+
; Analysis & Synthesis RAM Summary                                                                                                                                                                       ;
+------------------------------------------------------------------------------------------------------------+------+------+--------------+--------------+--------------+--------------+------+----------+
; Name                                                                                                       ; Type ; Mode ; Port A Depth ; Port A Width ; Port B Depth ; Port B Width ; Size ; MIF      ;
+------------------------------------------------------------------------------------------------------------+------+------+--------------+--------------+--------------+--------------+------+----------+
; datapath:DATAPATH|oneportrom:ROM|altsyncram:altsyncram_component|altsyncram_ir61:auto_generated|ALTSYNCRAM ; AUTO ; ROM  ; 8            ; 16           ; --           ; --           ; 128  ; romi.mif ;
+------------------------------------------------------------------------------------------------------------+------+------+--------------+--------------+--------------+--------------+------+----------+


+-----------------------------------------------------+
; Analysis & Synthesis DSP Block Usage Summary        ;
+---------------------------------------+-------------+
; Statistic                             ; Number Used ;
+---------------------------------------+-------------+
; Simple Multipliers (9-bit)            ; 0           ;
; Simple Multipliers (18-bit)           ; 1           ;
; Embedded Multiplier Blocks            ; --          ;
; Embedded Multiplier 9-bit elements    ; 2           ;
; Signed Embedded Multipliers           ; 0           ;
; Unsigned Embedded Multipliers         ; 1           ;
; Mixed Sign Embedded Multipliers       ; 0           ;
; Variable Sign Embedded Multipliers    ; 0           ;
; Dedicated Input Shift Register Chains ; 0           ;
+---------------------------------------+-------------+
Note: number of Embedded Multiplier Blocks used is only available after a successful fit.


+----------------------------------------------------------------------------------------------------------------------------------------------------------------------------------------------+
; Analysis & Synthesis IP Cores Summary                                                                                                                                                        ;
+--------+--------------+---------+--------------+--------------+-------------------------------------------+----------------------------------------------------------------------------------+
; Vendor ; IP Core Name ; Version ; Release Date ; License Type ; Entity Instance                           ; IP Include File                                                                  ;
+--------+--------------+---------+--------------+--------------+-------------------------------------------+----------------------------------------------------------------------------------+
; Altera ; LPM_ADD_SUB  ; N/A     ; N/A          ; N/A          ; |ca6|datapath:DATAPATH|lpm_add_sub0:Adder ; D:/Educational/Term 3/Digital Logic Design/CA/CA6/quartus project/lpm_add_sub0.v ;
; Altera ; LPM_COUNTER  ; N/A     ; N/A          ; N/A          ; |ca6|datapath:DATAPATH|lpm_counter1:cntr  ; D:/Educational/Term 3/Digital Logic Design/CA/CA6/quartus project/lpm_counter1.v ;
; Altera ; ROM: 1-PORT  ; N/A     ; N/A          ; N/A          ; |ca6|datapath:DATAPATH|oneportrom:ROM     ; D:/Educational/Term 3/Digital Logic Design/CA/CA6/quartus project/oneportrom.v   ;
+--------+--------------+---------+--------------+--------------+-------------------------------------------+----------------------------------------------------------------------------------+


Encoding Type:  One-Hot
+-------------------------------------------------------------------------------------+
; State Machine - |ca6|controller:CONTROLLER|ps                                       ;
+-------------+-------------+--------+-----------+------------+-------------+---------+
; Name        ; ps.termcalc ; ps.tg1 ; ps.calcx2 ; ps.loading ; ps.starting ; ps.idle ;
+-------------+-------------+--------+-----------+------------+-------------+---------+
; ps.idle     ; 0           ; 0      ; 0         ; 0          ; 0           ; 0       ;
; ps.starting ; 0           ; 0      ; 0         ; 0          ; 1           ; 1       ;
; ps.loading  ; 0           ; 0      ; 0         ; 1          ; 0           ; 1       ;
; ps.calcx2   ; 0           ; 0      ; 1         ; 0          ; 0           ; 1       ;
; ps.tg1      ; 0           ; 1      ; 0         ; 0          ; 0           ; 1       ;
; ps.termcalc ; 1           ; 0      ; 0         ; 0          ; 0           ; 1       ;
+-------------+-------------+--------+-----------+------------+-------------+---------+


+------------------------------------------------------------+
; Registers Removed During Synthesis                         ;
+---------------------------------------+--------------------+
; Register name                         ; Reason for Removal ;
+---------------------------------------+--------------------+
; controller:CONTROLLER|ps~4            ; Lost fanout        ;
; controller:CONTROLLER|ps~5            ; Lost fanout        ;
; controller:CONTROLLER|ps~6            ; Lost fanout        ;
; Total Number of Removed Registers = 3 ;                    ;
+---------------------------------------+--------------------+


+------------------------------------------------------+
; General Register Statistics                          ;
+----------------------------------------------+-------+
; Statistic                                    ; Value ;
+----------------------------------------------+-------+
; Total registers                              ; 57    ;
; Number of registers using Synchronous Clear  ; 0     ;
; Number of registers using Synchronous Load   ; 3     ;
; Number of registers using Asynchronous Clear ; 57    ;
; Number of registers using Asynchronous Load  ; 0     ;
; Number of registers using Clock Enable       ; 51    ;
; Number of registers using Preset             ; 0     ;
+----------------------------------------------+-------+


+------------------------------------------------------------------------------------------------------------------------+
; Source assignments for datapath:DATAPATH|oneportrom:ROM|altsyncram:altsyncram_component|altsyncram_ir61:auto_generated ;
+---------------------------------+--------------------+------+----------------------------------------------------------+
; Assignment                      ; Value              ; From ; To                                                       ;
+---------------------------------+--------------------+------+----------------------------------------------------------+
; OPTIMIZE_POWER_DURING_SYNTHESIS ; NORMAL_COMPILATION ; -    ; -                                                        ;
+---------------------------------+--------------------+------+----------------------------------------------------------+


+--------------------------------------------------------------------+
; Parameter Settings for User Entity Instance: controller:CONTROLLER ;
+----------------+-------+-------------------------------------------+
; Parameter Name ; Value ; Type                                      ;
+----------------+-------+-------------------------------------------+
; idle           ; 000   ; Unsigned Binary                           ;
; starting       ; 001   ; Unsigned Binary                           ;
; loading        ; 010   ; Unsigned Binary                           ;
; calcx2         ; 011   ; Unsigned Binary                           ;
; tg1            ; 100   ; Unsigned Binary                           ;
; termcalc       ; 101   ; Unsigned Binary                           ;
+----------------+-------+-------------------------------------------+
Note: In order to hide this table in the UI and the text report file, please set the "Show Parameter Settings in Synthesis Report" option in "Analysis and Synthesis Settings -> More Settings" to "Off".


+--------------------------------------------------------------------------------------------------------------------+
; Parameter Settings for User Entity Instance: datapath:DATAPATH|lpm_counter1:cntr|lpm_counter:LPM_COUNTER_component ;
+------------------------+-------------+-----------------------------------------------------------------------------+
; Parameter Name         ; Value       ; Type                                                                        ;
+------------------------+-------------+-----------------------------------------------------------------------------+
; AUTO_CARRY_CHAINS      ; ON          ; AUTO_CARRY                                                                  ;
; IGNORE_CARRY_BUFFERS   ; OFF         ; IGNORE_CARRY                                                                ;
; AUTO_CASCADE_CHAINS    ; ON          ; AUTO_CASCADE                                                                ;
; IGNORE_CASCADE_BUFFERS ; OFF         ; IGNORE_CASCADE                                                              ;
; LPM_WIDTH              ; 3           ; Signed Integer                                                              ;
; LPM_DIRECTION          ; UP          ; Untyped                                                                     ;
; LPM_MODULUS            ; 0           ; Untyped                                                                     ;
; LPM_AVALUE             ; UNUSED      ; Untyped                                                                     ;
; LPM_SVALUE             ; 00000000    ; Untyped                                                                     ;
; LPM_PORT_UPDOWN        ; PORT_UNUSED ; Untyped                                                                     ;
; DEVICE_FAMILY          ; Cyclone II  ; Untyped                                                                     ;
; CARRY_CHAIN            ; MANUAL      ; Untyped                                                                     ;
; CARRY_CHAIN_LENGTH     ; 48          ; CARRY_CHAIN_LENGTH                                                          ;
; NOT_GATE_PUSH_BACK     ; ON          ; NOT_GATE_PUSH_BACK                                                          ;
; CARRY_CNT_EN           ; SMART       ; Untyped                                                                     ;
; LABWIDE_SCLR           ; ON          ; Untyped                                                                     ;
; USE_NEW_VERSION        ; TRUE        ; Untyped                                                                     ;
; CBXI_PARAMETER         ; cntr_frk    ; Untyped                                                                     ;
+------------------------+-------------+-----------------------------------------------------------------------------+
Note: In order to hide this table in the UI and the text report file, please set the "Show Parameter Settings in Synthesis Report" option in "Analysis and Synthesis Settings -> More Settings" to "Off".


+---------------------------------------------------------------------------------------------------------------------+
; Parameter Settings for User Entity Instance: datapath:DATAPATH|lpm_add_sub0:Adder|lpm_add_sub:LPM_ADD_SUB_component ;
+------------------------+-------------+------------------------------------------------------------------------------+
; Parameter Name         ; Value       ; Type                                                                         ;
+------------------------+-------------+------------------------------------------------------------------------------+
; LPM_WIDTH              ; 16          ; Signed Integer                                                               ;
; LPM_REPRESENTATION     ; UNSIGNED    ; Untyped                                                                      ;
; LPM_DIRECTION          ; ADD         ; Untyped                                                                      ;
; ONE_INPUT_IS_CONSTANT  ; NO          ; Untyped                                                                      ;
; LPM_PIPELINE           ; 0           ; Untyped                                                                      ;
; MAXIMIZE_SPEED         ; 5           ; Untyped                                                                      ;
; REGISTERED_AT_END      ; 0           ; Untyped                                                                      ;
; OPTIMIZE_FOR_SPEED     ; 5           ; Untyped                                                                      ;
; USE_CS_BUFFERS         ; 1           ; Untyped                                                                      ;
; CARRY_CHAIN            ; MANUAL      ; Untyped                                                                      ;
; CARRY_CHAIN_LENGTH     ; 48          ; CARRY_CHAIN_LENGTH                                                           ;
; DEVICE_FAMILY          ; Cyclone II  ; Untyped                                                                      ;
; USE_WYS                ; OFF         ; Untyped                                                                      ;
; STYLE                  ; FAST        ; Untyped                                                                      ;
; CBXI_PARAMETER         ; add_sub_rlh ; Untyped                                                                      ;
; AUTO_CARRY_CHAINS      ; ON          ; AUTO_CARRY                                                                   ;
; IGNORE_CARRY_BUFFERS   ; OFF         ; IGNORE_CARRY                                                                 ;
; AUTO_CASCADE_CHAINS    ; ON          ; AUTO_CASCADE                                                                 ;
; IGNORE_CASCADE_BUFFERS ; OFF         ; IGNORE_CASCADE                                                               ;
+------------------------+-------------+------------------------------------------------------------------------------+
Note: In order to hide this table in the UI and the text report file, please set the "Show Parameter Settings in Synthesis Report" option in "Analysis and Synthesis Settings -> More Settings" to "Off".


+---------------------------------------------------------------------------------------------------------------+
; Parameter Settings for User Entity Instance: datapath:DATAPATH|oneportrom:ROM|altsyncram:altsyncram_component ;
+------------------------------------+----------------------+---------------------------------------------------+
; Parameter Name                     ; Value                ; Type                                              ;
+------------------------------------+----------------------+---------------------------------------------------+
; BYTE_SIZE_BLOCK                    ; 8                    ; Untyped                                           ;
; AUTO_CARRY_CHAINS                  ; ON                   ; AUTO_CARRY                                        ;
; IGNORE_CARRY_BUFFERS               ; OFF                  ; IGNORE_CARRY                                      ;
; AUTO_CASCADE_CHAINS                ; ON                   ; AUTO_CASCADE                                      ;
; IGNORE_CASCADE_BUFFERS             ; OFF                  ; IGNORE_CASCADE                                    ;
; WIDTH_BYTEENA                      ; 1                    ; Untyped                                           ;
; OPERATION_MODE                     ; ROM                  ; Untyped                                           ;
; WIDTH_A                            ; 16                   ; Signed Integer                                    ;
; WIDTHAD_A                          ; 3                    ; Signed Integer                                    ;
; NUMWORDS_A                         ; 8                    ; Signed Integer                                    ;
; OUTDATA_REG_A                      ; CLOCK0               ; Untyped                                           ;
; ADDRESS_ACLR_A                     ; NONE                 ; Untyped                                           ;
; OUTDATA_ACLR_A                     ; NONE                 ; Untyped                                           ;
; WRCONTROL_ACLR_A                   ; NONE                 ; Untyped                                           ;
; INDATA_ACLR_A                      ; NONE                 ; Untyped                                           ;
; BYTEENA_ACLR_A                     ; NONE                 ; Untyped                                           ;
; WIDTH_B                            ; 1                    ; Untyped                                           ;
; WIDTHAD_B                          ; 1                    ; Untyped                                           ;
; NUMWORDS_B                         ; 1                    ; Untyped                                           ;
; INDATA_REG_B                       ; CLOCK1               ; Untyped                                           ;
; WRCONTROL_WRADDRESS_REG_B          ; CLOCK1               ; Untyped                                           ;
; RDCONTROL_REG_B                    ; CLOCK1               ; Untyped                                           ;
; ADDRESS_REG_B                      ; CLOCK1               ; Untyped                                           ;
; OUTDATA_REG_B                      ; UNREGISTERED         ; Untyped                                           ;
; BYTEENA_REG_B                      ; CLOCK1               ; Untyped                                           ;
; INDATA_ACLR_B                      ; NONE                 ; Untyped                                           ;
; WRCONTROL_ACLR_B                   ; NONE                 ; Untyped                                           ;
; ADDRESS_ACLR_B                     ; NONE                 ; Untyped                                           ;
; OUTDATA_ACLR_B                     ; NONE                 ; Untyped                                           ;
; RDCONTROL_ACLR_B                   ; NONE                 ; Untyped                                           ;
; BYTEENA_ACLR_B                     ; NONE                 ; Untyped                                           ;
; WIDTH_BYTEENA_A                    ; 1                    ; Signed Integer                                    ;
; WIDTH_BYTEENA_B                    ; 1                    ; Untyped                                           ;
; RAM_BLOCK_TYPE                     ; AUTO                 ; Untyped                                           ;
; BYTE_SIZE                          ; 8                    ; Untyped                                           ;
; READ_DURING_WRITE_MODE_MIXED_PORTS ; DONT_CARE            ; Untyped                                           ;
; READ_DURING_WRITE_MODE_PORT_A      ; NEW_DATA_NO_NBE_READ ; Untyped                                           ;
; READ_DURING_WRITE_MODE_PORT_B      ; NEW_DATA_NO_NBE_READ ; Untyped                                           ;
; INIT_FILE                          ; romi.mif             ; Untyped                                           ;
; INIT_FILE_LAYOUT                   ; PORT_A               ; Untyped                                           ;
; MAXIMUM_DEPTH                      ; 0                    ; Untyped                                           ;
; CLOCK_ENABLE_INPUT_A               ; BYPASS               ; Untyped                                           ;
; CLOCK_ENABLE_INPUT_B               ; NORMAL               ; Untyped                                           ;
; CLOCK_ENABLE_OUTPUT_A              ; BYPASS               ; Untyped                                           ;
; CLOCK_ENABLE_OUTPUT_B              ; NORMAL               ; Untyped                                           ;
; CLOCK_ENABLE_CORE_A                ; USE_INPUT_CLKEN      ; Untyped                                           ;
; CLOCK_ENABLE_CORE_B                ; USE_INPUT_CLKEN      ; Untyped                                           ;
; ENABLE_ECC                         ; FALSE                ; Untyped                                           ;
; ECC_PIPELINE_STAGE_ENABLED         ; FALSE                ; Untyped                                           ;
; WIDTH_ECCSTATUS                    ; 3                    ; Untyped                                           ;
; DEVICE_FAMILY                      ; Cyclone II           ; Untyped                                           ;
; CBXI_PARAMETER                     ; altsyncram_ir61      ; Untyped                                           ;
+------------------------------------+----------------------+---------------------------------------------------+
Note: In order to hide this table in the UI and the text report file, please set the "Show Parameter Settings in Synthesis Report" option in "Analysis and Synthesis Settings -> More Settings" to "Off".


+------------------------------------------------------------------------------+
; Parameter Settings for User Entity Instance: datapath:DATAPATH|LPM_DFF:x2reg ;
+------------------------+------------+----------------------------------------+
; Parameter Name         ; Value      ; Type                                   ;
+------------------------+------------+----------------------------------------+
; LPM_WIDTH              ; 16         ; Untyped                                ;
; LPM_AVALUE             ; 0          ; Untyped                                ;
; LPM_SVALUE             ; 0          ; Untyped                                ;
; DEVICE_FAMILY          ; Cyclone II ; Untyped                                ;
; AUTO_CARRY_CHAINS      ; ON         ; AUTO_CARRY                             ;
; IGNORE_CARRY_BUFFERS   ; OFF        ; IGNORE_CARRY                           ;
; AUTO_CASCADE_CHAINS    ; ON         ; AUTO_CASCADE                           ;
; IGNORE_CASCADE_BUFFERS ; OFF        ; IGNORE_CASCADE                         ;
+------------------------+------------+----------------------------------------+
Note: In order to hide this table in the UI and the text report file, please set the "Show Parameter Settings in Synthesis Report" option in "Analysis and Synthesis Settings -> More Settings" to "Off".


+--------------------------------------------------------------------------------+
; Parameter Settings for User Entity Instance: datapath:DATAPATH|LPM_DFF:termReg ;
+------------------------+------------+------------------------------------------+
; Parameter Name         ; Value      ; Type                                     ;
+------------------------+------------+------------------------------------------+
; LPM_WIDTH              ; 16         ; Untyped                                  ;
; LPM_AVALUE             ; 0          ; Untyped                                  ;
; LPM_SVALUE             ; 0          ; Untyped                                  ;
; DEVICE_FAMILY          ; Cyclone II ; Untyped                                  ;
; AUTO_CARRY_CHAINS      ; ON         ; AUTO_CARRY                               ;
; IGNORE_CARRY_BUFFERS   ; OFF        ; IGNORE_CARRY                             ;
; AUTO_CASCADE_CHAINS    ; ON         ; AUTO_CASCADE                             ;
; IGNORE_CASCADE_BUFFERS ; OFF        ; IGNORE_CASCADE                           ;
+------------------------+------------+------------------------------------------+
Note: In order to hide this table in the UI and the text report file, please set the "Show Parameter Settings in Synthesis Report" option in "Analysis and Synthesis Settings -> More Settings" to "Off".


+----------------------------------------------------------------------------+
; Parameter Settings for User Entity Instance: datapath:DATAPATH|LPM_DFF:tan ;
+------------------------+------------+--------------------------------------+
; Parameter Name         ; Value      ; Type                                 ;
+------------------------+------------+--------------------------------------+
; LPM_WIDTH              ; 16         ; Untyped                              ;
; LPM_AVALUE             ; 0          ; Untyped                              ;
; LPM_SVALUE             ; 0          ; Untyped                              ;
; DEVICE_FAMILY          ; Cyclone II ; Untyped                              ;
; AUTO_CARRY_CHAINS      ; ON         ; AUTO_CARRY                           ;
; IGNORE_CARRY_BUFFERS   ; OFF        ; IGNORE_CARRY                         ;
; AUTO_CASCADE_CHAINS    ; ON         ; AUTO_CASCADE                         ;
; IGNORE_CASCADE_BUFFERS ; OFF        ; IGNORE_CASCADE                       ;
+------------------------+------------+--------------------------------------+
Note: In order to hide this table in the UI and the text report file, please set the "Show Parameter Settings in Synthesis Report" option in "Analysis and Synthesis Settings -> More Settings" to "Off".


+---------------------------------------------------------------------------------------------------+
; Parameter Settings for Inferred Entity Instance: datapath:DATAPATH|multiplier:mult|lpm_mult:Mult0 ;
+------------------------------------------------+------------+-------------------------------------+
; Parameter Name                                 ; Value      ; Type                                ;
+------------------------------------------------+------------+-------------------------------------+
; AUTO_CARRY_CHAINS                              ; ON         ; AUTO_CARRY                          ;
; IGNORE_CARRY_BUFFERS                           ; OFF        ; IGNORE_CARRY                        ;
; AUTO_CASCADE_CHAINS                            ; ON         ; AUTO_CASCADE                        ;
; IGNORE_CASCADE_BUFFERS                         ; OFF        ; IGNORE_CASCADE                      ;
; LPM_WIDTHA                                     ; 16         ; Untyped                             ;
; LPM_WIDTHB                                     ; 16         ; Untyped                             ;
; LPM_WIDTHP                                     ; 32         ; Untyped                             ;
; LPM_WIDTHR                                     ; 32         ; Untyped                             ;
; LPM_WIDTHS                                     ; 1          ; Untyped                             ;
; LPM_REPRESENTATION                             ; UNSIGNED   ; Untyped                             ;
; LPM_PIPELINE                                   ; 0          ; Untyped                             ;
; LATENCY                                        ; 0          ; Untyped                             ;
; INPUT_A_IS_CONSTANT                            ; NO         ; Untyped                             ;
; INPUT_B_IS_CONSTANT                            ; NO         ; Untyped                             ;
; USE_EAB                                        ; OFF        ; Untyped                             ;
; MAXIMIZE_SPEED                                 ; 6          ; Untyped                             ;
; DEVICE_FAMILY                                  ; Cyclone II ; Untyped                             ;
; CARRY_CHAIN                                    ; MANUAL     ; Untyped                             ;
; APEX20K_TECHNOLOGY_MAPPER                      ; LUT        ; TECH_MAPPER_APEX20K                 ;
; DEDICATED_MULTIPLIER_CIRCUITRY                 ; AUTO       ; Untyped                             ;
; DEDICATED_MULTIPLIER_MIN_INPUT_WIDTH_FOR_AUTO  ; 0          ; Untyped                             ;
; DEDICATED_MULTIPLIER_MIN_OUTPUT_WIDTH_FOR_AUTO ; 0          ; Untyped                             ;
; CBXI_PARAMETER                                 ; mult_l8t   ; Untyped                             ;
; INPUT_A_FIXED_VALUE                            ; Bx         ; Untyped                             ;
; INPUT_B_FIXED_VALUE                            ; Bx         ; Untyped                             ;
; USE_AHDL_IMPLEMENTATION                        ; OFF        ; Untyped                             ;
+------------------------------------------------+------------+-------------------------------------+
Note: In order to hide this table in the UI and the text report file, please set the "Show Parameter Settings in Synthesis Report" option in "Analysis and Synthesis Settings -> More Settings" to "Off".


+--------------------------------------------------------------------------------------------------------------+
; altsyncram Parameter Settings by Entity Instance                                                             ;
+-------------------------------------------+------------------------------------------------------------------+
; Name                                      ; Value                                                            ;
+-------------------------------------------+------------------------------------------------------------------+
; Number of entity instances                ; 1                                                                ;
; Entity Instance                           ; datapath:DATAPATH|oneportrom:ROM|altsyncram:altsyncram_component ;
;     -- OPERATION_MODE                     ; ROM                                                              ;
;     -- WIDTH_A                            ; 16                                                               ;
;     -- NUMWORDS_A                         ; 8                                                                ;
;     -- OUTDATA_REG_A                      ; CLOCK0                                                           ;
;     -- WIDTH_B                            ; 1                                                                ;
;     -- NUMWORDS_B                         ; 1                                                                ;
;     -- ADDRESS_REG_B                      ; CLOCK1                                                           ;
;     -- OUTDATA_REG_B                      ; UNREGISTERED                                                     ;
;     -- RAM_BLOCK_TYPE                     ; AUTO                                                             ;
;     -- READ_DURING_WRITE_MODE_MIXED_PORTS ; DONT_CARE                                                        ;
+-------------------------------------------+------------------------------------------------------------------+


+------------------------------------------------------------------------------------------+
; lpm_mult Parameter Settings by Entity Instance                                           ;
+---------------------------------------+--------------------------------------------------+
; Name                                  ; Value                                            ;
+---------------------------------------+--------------------------------------------------+
; Number of entity instances            ; 1                                                ;
; Entity Instance                       ; datapath:DATAPATH|multiplier:mult|lpm_mult:Mult0 ;
;     -- LPM_WIDTHA                     ; 16                                               ;
;     -- LPM_WIDTHB                     ; 16                                               ;
;     -- LPM_WIDTHP                     ; 32                                               ;
;     -- LPM_REPRESENTATION             ; UNSIGNED                                         ;
;     -- INPUT_A_IS_CONSTANT            ; NO                                               ;
;     -- INPUT_B_IS_CONSTANT            ; NO                                               ;
;     -- USE_EAB                        ; OFF                                              ;
;     -- DEDICATED_MULTIPLIER_CIRCUITRY ; AUTO                                             ;
;     -- INPUT_A_FIXED_VALUE            ; Bx                                               ;
;     -- INPUT_B_FIXED_VALUE            ; Bx                                               ;
+---------------------------------------+--------------------------------------------------+


+-------------------------------+
; Elapsed Time Per Partition    ;
+----------------+--------------+
; Partition Name ; Elapsed Time ;
+----------------+--------------+
; Top            ; 00:00:00     ;
+----------------+--------------+


+-------------------------------+
; Analysis & Synthesis Messages ;
+-------------------------------+
Info: *******************************************************************
Info: Running Quartus II 64-Bit Analysis & Synthesis
    Info: Version 13.0.1 Build 232 06/12/2013 Service Pack 1 SJ Web Edition
    Info: Processing started: Sat Jan 05 04:08:16 2019
Info: Command: quartus_map --read_settings_files=on --write_settings_files=off ca6 -c ca6
Warning (20028): Parallel compilation is not licensed and has been disabled
Info (12021): Found 1 design units, including 1 entities, in source file muxwdoublein.v.v
    Info (12023): Found entity 1: muxWdoublein
Info (12021): Found 1 design units, including 1 entities, in source file multiplier.v
    Info (12023): Found entity 1: multiplier
Info (12021): Found 1 design units, including 1 entities, in source file datapath.bdf
    Info (12023): Found entity 1: datapath
Info (12021): Found 1 design units, including 1 entities, in source file controller.v
    Info (12023): Found entity 1: controller
Info (12021): Found 1 design units, including 1 entities, in source file ca6.bdf
    Info (12023): Found entity 1: ca6
Info (12127): Elaborating entity "ca6" for the top level hierarchy
Warning (275011): Block or symbol "controller" of instance "CONTROLLER" overlaps another block or symbol
Info (12128): Elaborating entity "controller" for hierarchy "controller:CONTROLLER"
Info (12128): Elaborating entity "datapath" for hierarchy "datapath:DATAPATH"
Warning (12125): Using design file lpm_counter1.v, which is not specified as a design file for the current project, but contains definitions for 1 design units and 1 entities in project
    Info (12023): Found entity 1: lpm_counter1
Info (12128): Elaborating entity "lpm_counter1" for hierarchy "datapath:DATAPATH|lpm_counter1:cntr"
Info (12128): Elaborating entity "lpm_counter" for hierarchy "datapath:DATAPATH|lpm_counter1:cntr|lpm_counter:LPM_COUNTER_component"
Info (12130): Elaborated megafunction instantiation "datapath:DATAPATH|lpm_counter1:cntr|lpm_counter:LPM_COUNTER_component"
Info (12133): Instantiated megafunction "datapath:DATAPATH|lpm_counter1:cntr|lpm_counter:LPM_COUNTER_component" with the following parameter:
    Info (12134): Parameter "lpm_direction" = "UP"
    Info (12134): Parameter "lpm_port_updown" = "PORT_UNUSED"
    Info (12134): Parameter "lpm_svalue" = "00000000"
    Info (12134): Parameter "lpm_type" = "LPM_COUNTER"
    Info (12134): Parameter "lpm_width" = "3"
Info (12021): Found 1 design units, including 1 entities, in source file db/cntr_frk.tdf
    Info (12023): Found entity 1: cntr_frk
Info (12128): Elaborating entity "cntr_frk" for hierarchy "datapath:DATAPATH|lpm_counter1:cntr|lpm_counter:LPM_COUNTER_component|cntr_frk:auto_generated"
Warning (12125): Using design file lpm_add_sub0.v, which is not specified as a design file for the current project, but contains definitions for 1 design units and 1 entities in project
    Info (12023): Found entity 1: lpm_add_sub0
Info (12128): Elaborating entity "lpm_add_sub0" for hierarchy "datapath:DATAPATH|lpm_add_sub0:Adder"
Info (12128): Elaborating entity "lpm_add_sub" for hierarchy "datapath:DATAPATH|lpm_add_sub0:Adder|lpm_add_sub:LPM_ADD_SUB_component"
Info (12130): Elaborated megafunction instantiation "datapath:DATAPATH|lpm_add_sub0:Adder|lpm_add_sub:LPM_ADD_SUB_component"
Info (12133): Instantiated megafunction "datapath:DATAPATH|lpm_add_sub0:Adder|lpm_add_sub:LPM_ADD_SUB_component" with the following parameter:
    Info (12134): Parameter "lpm_direction" = "ADD"
    Info (12134): Parameter "lpm_hint" = "ONE_INPUT_IS_CONSTANT=NO,CIN_USED=NO"
    Info (12134): Parameter "lpm_representation" = "UNSIGNED"
    Info (12134): Parameter "lpm_type" = "LPM_ADD_SUB"
    Info (12134): Parameter "lpm_width" = "16"
Info (12021): Found 1 design units, including 1 entities, in source file db/add_sub_rlh.tdf
    Info (12023): Found entity 1: add_sub_rlh
Info (12128): Elaborating entity "add_sub_rlh" for hierarchy "datapath:DATAPATH|lpm_add_sub0:Adder|lpm_add_sub:LPM_ADD_SUB_component|add_sub_rlh:auto_generated"
Info (12128): Elaborating entity "multiplier" for hierarchy "datapath:DATAPATH|multiplier:mult"
Info (12128): Elaborating entity "muxWdoublein" for hierarchy "datapath:DATAPATH|muxWdoublein:mux2"
Warning (12125): Using design file oneportrom.v, which is not specified as a design file for the current project, but contains definitions for 1 design units and 1 entities in project
    Info (12023): Found entity 1: oneportrom
Info (12128): Elaborating entity "oneportrom" for hierarchy "datapath:DATAPATH|oneportrom:ROM"
Info (12128): Elaborating entity "altsyncram" for hierarchy "datapath:DATAPATH|oneportrom:ROM|altsyncram:altsyncram_component"
Info (12130): Elaborated megafunction instantiation "datapath:DATAPATH|oneportrom:ROM|altsyncram:altsyncram_component"
Info (12133): Instantiated megafunction "datapath:DATAPATH|oneportrom:ROM|altsyncram:altsyncram_component" with the following parameter:
    Info (12134): Parameter "clock_enable_input_a" = "BYPASS"
    Info (12134): Parameter "clock_enable_output_a" = "BYPASS"
    Info (12134): Parameter "init_file" = "romi.mif"
    Info (12134): Parameter "intended_device_family" = "Cyclone II"
    Info (12134): Parameter "lpm_hint" = "ENABLE_RUNTIME_MOD=NO"
    Info (12134): Parameter "lpm_type" = "altsyncram"
    Info (12134): Parameter "numwords_a" = "8"
    Info (12134): Parameter "operation_mode" = "ROM"
    Info (12134): Parameter "outdata_aclr_a" = "NONE"
    Info (12134): Parameter "outdata_reg_a" = "CLOCK0"
    Info (12134): Parameter "widthad_a" = "3"
    Info (12134): Parameter "width_a" = "16"
    Info (12134): Parameter "width_byteena_a" = "1"
Info (12021): Found 1 design units, including 1 entities, in source file db/altsyncram_ir61.tdf
    Info (12023): Found entity 1: altsyncram_ir61
Info (12128): Elaborating entity "altsyncram_ir61" for hierarchy "datapath:DATAPATH|oneportrom:ROM|altsyncram:altsyncram_component|altsyncram_ir61:auto_generated"
Info (12128): Elaborating entity "LPM_DFF" for hierarchy "datapath:DATAPATH|LPM_DFF:x2reg"
Info (12130): Elaborated megafunction instantiation "datapath:DATAPATH|LPM_DFF:x2reg"
Info (12133): Instantiated megafunction "datapath:DATAPATH|LPM_DFF:x2reg" with the following parameter:
    Info (12134): Parameter "LPM_WIDTH" = "16"
Info (12128): Elaborating entity "LPM_DFF" for hierarchy "datapath:DATAPATH|LPM_DFF:tan"
Info (12130): Elaborated megafunction instantiation "datapath:DATAPATH|LPM_DFF:tan"
Info (12133): Instantiated megafunction "datapath:DATAPATH|LPM_DFF:tan" with the following parameter:
    Info (12134): Parameter "LPM_SVALUE" = "0"
    Info (12134): Parameter "LPM_WIDTH" = "16"
Info (12128): Elaborating entity "lpm_constant" for hierarchy "datapath:DATAPATH|LPM_DFF:tan|lpm_constant:sc"
Info (12131): Elaborated megafunction instantiation "datapath:DATAPATH|LPM_DFF:tan|lpm_constant:sc", which is child of megafunction instantiation "datapath:DATAPATH|LPM_DFF:tan"
Info (278001): Inferred 1 megafunctions from design logic
    Info (278003): Inferred multiplier megafunction ("lpm_mult") from the following logic: "datapath:DATAPATH|multiplier:mult|Mult0"
Info (12130): Elaborated megafunction instantiation "datapath:DATAPATH|multiplier:mult|lpm_mult:Mult0"
Info (12133): Instantiated megafunction "datapath:DATAPATH|multiplier:mult|lpm_mult:Mult0" with the following parameter:
    Info (12134): Parameter "LPM_WIDTHA" = "16"
    Info (12134): Parameter "LPM_WIDTHB" = "16"
    Info (12134): Parameter "LPM_WIDTHP" = "32"
    Info (12134): Parameter "LPM_WIDTHR" = "32"
    Info (12134): Parameter "LPM_WIDTHS" = "1"
    Info (12134): Parameter "LPM_REPRESENTATION" = "UNSIGNED"
    Info (12134): Parameter "INPUT_A_IS_CONSTANT" = "NO"
    Info (12134): Parameter "INPUT_B_IS_CONSTANT" = "NO"
    Info (12134): Parameter "MAXIMIZE_SPEED" = "6"
Info (12021): Found 1 design units, including 1 entities, in source file db/mult_l8t.tdf
    Info (12023): Found entity 1: mult_l8t
Warning (13046): Tri-state node(s) do not directly drive top-level pin(s)
    Warning (13047): Converted the fan-out from the tri-state buffer "datapath:DATAPATH|muxWdoublein:mux|out[15]" to the node "datapath:DATAPATH|lpm_dff:x2reg|dffs[15]" into an OR gate
    Warning (13047): Converted the fan-out from the tri-state buffer "datapath:DATAPATH|muxWdoublein:mux|out[14]" to the node "datapath:DATAPATH|lpm_dff:x2reg|dffs[14]" into an OR gate
    Warning (13047): Converted the fan-out from the tri-state buffer "datapath:DATAPATH|muxWdoublein:mux|out[13]" to the node "datapath:DATAPATH|lpm_dff:x2reg|dffs[13]" into an OR gate
    Warning (13047): Converted the fan-out from the tri-state buffer "datapath:DATAPATH|muxWdoublein:mux|out[12]" to the node "datapath:DATAPATH|lpm_dff:x2reg|dffs[12]" into an OR gate
    Warning (13047): Converted the fan-out from the tri-state buffer "datapath:DATAPATH|muxWdoublein:mux|out[11]" to the node "datapath:DATAPATH|lpm_dff:x2reg|dffs[11]" into an OR gate
    Warning (13047): Converted the fan-out from the tri-state buffer "datapath:DATAPATH|muxWdoublein:mux|out[10]" to the node "datapath:DATAPATH|lpm_dff:x2reg|dffs[10]" into an OR gate
    Warning (13047): Converted the fan-out from the tri-state buffer "datapath:DATAPATH|muxWdoublein:mux|out[9]" to the node "datapath:DATAPATH|lpm_dff:x2reg|dffs[9]" into an OR gate
    Warning (13047): Converted the fan-out from the tri-state buffer "datapath:DATAPATH|muxWdoublein:mux|out[8]" to the node "datapath:DATAPATH|lpm_dff:x2reg|dffs[8]" into an OR gate
    Warning (13047): Converted the fan-out from the tri-state buffer "datapath:DATAPATH|muxWdoublein:mux|out[7]" to the node "datapath:DATAPATH|lpm_dff:x2reg|dffs[7]" into an OR gate
    Warning (13047): Converted the fan-out from the tri-state buffer "datapath:DATAPATH|muxWdoublein:mux|out[6]" to the node "datapath:DATAPATH|lpm_dff:x2reg|dffs[6]" into an OR gate
    Warning (13047): Converted the fan-out from the tri-state buffer "datapath:DATAPATH|muxWdoublein:mux|out[5]" to the node "datapath:DATAPATH|lpm_dff:x2reg|dffs[5]" into an OR gate
    Warning (13047): Converted the fan-out from the tri-state buffer "datapath:DATAPATH|muxWdoublein:mux|out[4]" to the node "datapath:DATAPATH|lpm_dff:x2reg|dffs[4]" into an OR gate
    Warning (13047): Converted the fan-out from the tri-state buffer "datapath:DATAPATH|muxWdoublein:mux|out[3]" to the node "datapath:DATAPATH|lpm_dff:x2reg|dffs[3]" into an OR gate
    Warning (13047): Converted the fan-out from the tri-state buffer "datapath:DATAPATH|muxWdoublein:mux|out[2]" to the node "datapath:DATAPATH|lpm_dff:x2reg|dffs[2]" into an OR gate
    Warning (13047): Converted the fan-out from the tri-state buffer "datapath:DATAPATH|muxWdoublein:mux|out[1]" to the node "datapath:DATAPATH|lpm_dff:x2reg|dffs[1]" into an OR gate
    Warning (13047): Converted the fan-out from the tri-state buffer "datapath:DATAPATH|muxWdoublein:mux|out[0]" to the node "datapath:DATAPATH|lpm_dff:x2reg|dffs[0]" into an OR gate
    Warning (13047): Converted the fan-out from the tri-state buffer "datapath:DATAPATH|muxWdoublein:mux3|out[15]" to the node "datapath:DATAPATH|lpm_dff:termReg|dffs[15]" into an OR gate
    Warning (13047): Converted the fan-out from the tri-state buffer "datapath:DATAPATH|muxWdoublein:mux3|out[14]" to the node "datapath:DATAPATH|lpm_dff:termReg|dffs[14]" into an OR gate
    Warning (13047): Converted the fan-out from the tri-state buffer "datapath:DATAPATH|muxWdoublein:mux3|out[13]" to the node "datapath:DATAPATH|lpm_dff:termReg|dffs[13]" into an OR gate
    Warning (13047): Converted the fan-out from the tri-state buffer "datapath:DATAPATH|muxWdoublein:mux3|out[12]" to the node "datapath:DATAPATH|lpm_dff:termReg|dffs[12]" into an OR gate
    Warning (13047): Converted the fan-out from the tri-state buffer "datapath:DATAPATH|muxWdoublein:mux3|out[11]" to the node "datapath:DATAPATH|lpm_dff:termReg|dffs[11]" into an OR gate
    Warning (13047): Converted the fan-out from the tri-state buffer "datapath:DATAPATH|muxWdoublein:mux3|out[10]" to the node "datapath:DATAPATH|lpm_dff:termReg|dffs[10]" into an OR gate
    Warning (13047): Converted the fan-out from the tri-state buffer "datapath:DATAPATH|muxWdoublein:mux3|out[9]" to the node "datapath:DATAPATH|lpm_dff:termReg|dffs[9]" into an OR gate
    Warning (13047): Converted the fan-out from the tri-state buffer "datapath:DATAPATH|muxWdoublein:mux3|out[8]" to the node "datapath:DATAPATH|lpm_dff:termReg|dffs[8]" into an OR gate
    Warning (13047): Converted the fan-out from the tri-state buffer "datapath:DATAPATH|muxWdoublein:mux3|out[7]" to the node "datapath:DATAPATH|lpm_dff:termReg|dffs[7]" into an OR gate
    Warning (13047): Converted the fan-out from the tri-state buffer "datapath:DATAPATH|muxWdoublein:mux3|out[6]" to the node "datapath:DATAPATH|lpm_dff:termReg|dffs[6]" into an OR gate
    Warning (13047): Converted the fan-out from the tri-state buffer "datapath:DATAPATH|muxWdoublein:mux3|out[5]" to the node "datapath:DATAPATH|lpm_dff:termReg|dffs[5]" into an OR gate
    Warning (13047): Converted the fan-out from the tri-state buffer "datapath:DATAPATH|muxWdoublein:mux3|out[4]" to the node "datapath:DATAPATH|lpm_dff:termReg|dffs[4]" into an OR gate
    Warning (13047): Converted the fan-out from the tri-state buffer "datapath:DATAPATH|muxWdoublein:mux3|out[3]" to the node "datapath:DATAPATH|lpm_dff:termReg|dffs[3]" into an OR gate
    Warning (13047): Converted the fan-out from the tri-state buffer "datapath:DATAPATH|muxWdoublein:mux3|out[2]" to the node "datapath:DATAPATH|lpm_dff:termReg|dffs[2]" into an OR gate
    Warning (13047): Converted the fan-out from the tri-state buffer "datapath:DATAPATH|muxWdoublein:mux3|out[1]" to the node "datapath:DATAPATH|lpm_dff:termReg|dffs[1]" into an OR gate
    Warning (13047): Converted the fan-out from the tri-state buffer "datapath:DATAPATH|muxWdoublein:mux3|out[0]" to the node "datapath:DATAPATH|lpm_dff:termReg|dffs[0]" into an OR gate
    Warning (13047): Converted the fan-out from the tri-state buffer "datapath:DATAPATH|muxWdoublein:mux2|out[15]" to the node "datapath:DATAPATH|multiplier:mult|lpm_mult:Mult0|mult_l8t:auto_generated|mac_mult1" into an OR gate
    Warning (13047): Converted the fan-out from the tri-state buffer "datapath:DATAPATH|muxWdoublein:mux2|out[14]" to the node "datapath:DATAPATH|multiplier:mult|lpm_mult:Mult0|mult_l8t:auto_generated|mac_mult1" into an OR gate
    Warning (13047): Converted the fan-out from the tri-state buffer "datapath:DATAPATH|muxWdoublein:mux2|out[13]" to the node "datapath:DATAPATH|multiplier:mult|lpm_mult:Mult0|mult_l8t:auto_generated|mac_mult1" into an OR gate
    Warning (13047): Converted the fan-out from the tri-state buffer "datapath:DATAPATH|muxWdoublein:mux2|out[12]" to the node "datapath:DATAPATH|multiplier:mult|lpm_mult:Mult0|mult_l8t:auto_generated|mac_mult1" into an OR gate
    Warning (13047): Converted the fan-out from the tri-state buffer "datapath:DATAPATH|muxWdoublein:mux2|out[11]" to the node "datapath:DATAPATH|multiplier:mult|lpm_mult:Mult0|mult_l8t:auto_generated|mac_mult1" into an OR gate
    Warning (13047): Converted the fan-out from the tri-state buffer "datapath:DATAPATH|muxWdoublein:mux2|out[10]" to the node "datapath:DATAPATH|multiplier:mult|lpm_mult:Mult0|mult_l8t:auto_generated|mac_mult1" into an OR gate
    Warning (13047): Converted the fan-out from the tri-state buffer "datapath:DATAPATH|muxWdoublein:mux2|out[9]" to the node "datapath:DATAPATH|multiplier:mult|lpm_mult:Mult0|mult_l8t:auto_generated|mac_mult1" into an OR gate
    Warning (13047): Converted the fan-out from the tri-state buffer "datapath:DATAPATH|muxWdoublein:mux2|out[8]" to the node "datapath:DATAPATH|multiplier:mult|lpm_mult:Mult0|mult_l8t:auto_generated|mac_mult1" into an OR gate
    Warning (13047): Converted the fan-out from the tri-state buffer "datapath:DATAPATH|muxWdoublein:mux2|out[7]" to the node "datapath:DATAPATH|multiplier:mult|lpm_mult:Mult0|mult_l8t:auto_generated|mac_mult1" into an OR gate
    Warning (13047): Converted the fan-out from the tri-state buffer "datapath:DATAPATH|muxWdoublein:mux2|out[6]" to the node "datapath:DATAPATH|multiplier:mult|lpm_mult:Mult0|mult_l8t:auto_generated|mac_mult1" into an OR gate
    Warning (13047): Converted the fan-out from the tri-state buffer "datapath:DATAPATH|muxWdoublein:mux2|out[5]" to the node "datapath:DATAPATH|multiplier:mult|lpm_mult:Mult0|mult_l8t:auto_generated|mac_mult1" into an OR gate
    Warning (13047): Converted the fan-out from the tri-state buffer "datapath:DATAPATH|muxWdoublein:mux2|out[4]" to the node "datapath:DATAPATH|multiplier:mult|lpm_mult:Mult0|mult_l8t:auto_generated|mac_mult1" into an OR gate
    Warning (13047): Converted the fan-out from the tri-state buffer "datapath:DATAPATH|muxWdoublein:mux2|out[3]" to the node "datapath:DATAPATH|multiplier:mult|lpm_mult:Mult0|mult_l8t:auto_generated|mac_mult1" into an OR gate
    Warning (13047): Converted the fan-out from the tri-state buffer "datapath:DATAPATH|muxWdoublein:mux2|out[2]" to the node "datapath:DATAPATH|multiplier:mult|lpm_mult:Mult0|mult_l8t:auto_generated|mac_mult1" into an OR gate
    Warning (13047): Converted the fan-out from the tri-state buffer "datapath:DATAPATH|muxWdoublein:mux2|out[1]" to the node "datapath:DATAPATH|multiplier:mult|lpm_mult:Mult0|mult_l8t:auto_generated|mac_mult1" into an OR gate
    Warning (13047): Converted the fan-out from the tri-state buffer "datapath:DATAPATH|muxWdoublein:mux2|out[0]" to the node "datapath:DATAPATH|multiplier:mult|lpm_mult:Mult0|mult_l8t:auto_generated|mac_mult1" into an OR gate
Info (17049): 3 registers lost all their fanouts during netlist optimizations.
Info (144001): Generated suppressed messages file D:/Educational/Term 3/Digital Logic Design/CA/CA6/quartus project/output_files/ca6.map.smsg
Info (16010): Generating hard_block partition "hard_block:auto_generated_inst"
    Info (16011): Adding 0 node(s), including 0 DDIO, 0 PLL, 0 transceiver and 0 LCELL
Info (21057): Implemented 337 device resources after synthesis - the final resource count might be different
    Info (21058): Implemented 19 input pins
    Info (21059): Implemented 165 output pins
    Info (21061): Implemented 135 logic cells
    Info (21064): Implemented 16 RAM segments
    Info (21062): Implemented 2 DSP elements
Info: Quartus II 64-Bit Analysis & Synthesis was successful. 0 errors, 54 warnings
    Info: Peak virtual memory: 4640 megabytes
    Info: Processing ended: Sat Jan 05 04:08:18 2019
    Info: Elapsed time: 00:00:02
    Info: Total CPU time (on all processors): 00:00:02


+------------------------------------------+
; Analysis & Synthesis Suppressed Messages ;
+------------------------------------------+
The suppressed messages can be found in D:/Educational/Term 3/Digital Logic Design/CA/CA6/quartus project/output_files/ca6.map.smsg.


